{"/Users/natnaelmanyazewal/Dev/Fullstackopen/part5/notes-frontend/src/App.jsx": {"path":"/Users/natnaelmanyazewal/Dev/Fullstackopen/part5/notes-frontend/src/App.jsx","statementMap":{"0":{"start":{"line":13,"column":12},"end":{"line":134,"column":1}},"1":{"start":{"line":14,"column":28},"end":{"line":14,"column":42}},"2":{"start":{"line":15,"column":32},"end":{"line":15,"column":47}},"3":{"start":{"line":16,"column":42},"end":{"line":16,"column":56}},"4":{"start":{"line":17,"column":34},"end":{"line":17,"column":46}},"5":{"start":{"line":18,"column":34},"end":{"line":18,"column":46}},"6":{"start":{"line":19,"column":26},"end":{"line":19,"column":40}},"7":{"start":{"line":20,"column":22},"end":{"line":20,"column":30}},"8":{"start":{"line":22,"column":2},"end":{"line":26,"column":8}},"9":{"start":{"line":23,"column":4},"end":{"line":25,"column":6}},"10":{"start":{"line":24,"column":6},"end":{"line":24,"column":28}},"11":{"start":{"line":28,"column":2},"end":{"line":35,"column":8}},"12":{"start":{"line":29,"column":27},"end":{"line":29,"column":75}},"13":{"start":{"line":30,"column":4},"end":{"line":34,"column":5}},"14":{"start":{"line":31,"column":19},"end":{"line":31,"column":45}},"15":{"start":{"line":32,"column":6},"end":{"line":32,"column":19}},"16":{"start":{"line":33,"column":6},"end":{"line":33,"column":38}},"17":{"start":{"line":37,"column":2},"end":{"line":39,"column":3}},"18":{"start":{"line":38,"column":4},"end":{"line":38,"column":15}},"19":{"start":{"line":41,"column":18},"end":{"line":46,"column":3}},"20":{"start":{"line":42,"column":4},"end":{"line":42,"column":42}},"21":{"start":{"line":43,"column":4},"end":{"line":45,"column":6}},"22":{"start":{"line":44,"column":6},"end":{"line":44,"column":42}},"23":{"start":{"line":52,"column":22},"end":{"line":52,"column":76}},"24":{"start":{"line":52,"column":61},"end":{"line":52,"column":75}},"25":{"start":{"line":54,"column":29},"end":{"line":70,"column":3}},"26":{"start":{"line":55,"column":17},"end":{"line":55,"column":45}},"27":{"start":{"line":55,"column":33},"end":{"line":55,"column":44}},"28":{"start":{"line":56,"column":24},"end":{"line":56,"column":63}},"29":{"start":{"line":58,"column":4},"end":{"line":69,"column":8}},"30":{"start":{"line":59,"column":6},"end":{"line":59,"column":71}},"31":{"start":{"line":59,"column":33},"end":{"line":59,"column":69}},"32":{"start":{"line":62,"column":8},"end":{"line":64,"column":9}},"33":{"start":{"line":65,"column":8},"end":{"line":67,"column":16}},"34":{"start":{"line":66,"column":10},"end":{"line":66,"column":31}},"35":{"start":{"line":68,"column":8},"end":{"line":68,"column":48}},"36":{"start":{"line":68,"column":35},"end":{"line":68,"column":46}},"37":{"start":{"line":71,"column":22},"end":{"line":86,"column":3}},"38":{"start":{"line":72,"column":4},"end":{"line":72,"column":26}},"39":{"start":{"line":73,"column":4},"end":{"line":85,"column":5}},"40":{"start":{"line":74,"column":19},"end":{"line":74,"column":67}},"41":{"start":{"line":75,"column":6},"end":{"line":75,"column":76}},"42":{"start":{"line":76,"column":6},"end":{"line":76,"column":38}},"43":{"start":{"line":77,"column":6},"end":{"line":77,"column":19}},"44":{"start":{"line":78,"column":6},"end":{"line":78,"column":21}},"45":{"start":{"line":79,"column":6},"end":{"line":79,"column":21}},"46":{"start":{"line":81,"column":6},"end":{"line":81,"column":42}},"47":{"start":{"line":82,"column":6},"end":{"line":84,"column":14}},"48":{"start":{"line":83,"column":8},"end":{"line":83,"column":29}},"49":{"start":{"line":89,"column":20},"end":{"line":101,"column":3}},"50":{"start":{"line":90,"column":4},"end":{"line":100,"column":5}},"51":{"start":{"line":95,"column":48},"end":{"line":95,"column":73}},"52":{"start":{"line":96,"column":48},"end":{"line":96,"column":73}},"53":{"start":{"line":103,"column":19},"end":{"line":109,"column":3}},"54":{"start":{"line":104,"column":4},"end":{"line":108,"column":5}},"55":{"start":{"line":111,"column":2},"end":{"line":133,"column":3}},"56":{"start":{"line":122,"column":31},"end":{"line":122,"column":51}},"57":{"start":{"line":128,"column":10},"end":{"line":128,"column":97}},"58":{"start":{"line":128,"column":66},"end":{"line":128,"column":93}}},"fnMap":{"0":{"name":"(anonymous_0)","decl":{"start":{"line":13,"column":12},"end":{"line":13,"column":13}},"loc":{"start":{"line":13,"column":18},"end":{"line":134,"column":1}},"line":13},"1":{"name":"(anonymous_1)","decl":{"start":{"line":22,"column":12},"end":{"line":22,"column":13}},"loc":{"start":{"line":22,"column":18},"end":{"line":26,"column":3}},"line":22},"2":{"name":"(anonymous_2)","decl":{"start":{"line":23,"column":30},"end":{"line":23,"column":31}},"loc":{"start":{"line":23,"column":46},"end":{"line":25,"column":5}},"line":23},"3":{"name":"(anonymous_3)","decl":{"start":{"line":28,"column":12},"end":{"line":28,"column":13}},"loc":{"start":{"line":28,"column":18},"end":{"line":35,"column":3}},"line":28},"4":{"name":"(anonymous_4)","decl":{"start":{"line":41,"column":18},"end":{"line":41,"column":19}},"loc":{"start":{"line":41,"column":34},"end":{"line":46,"column":3}},"line":41},"5":{"name":"(anonymous_5)","decl":{"start":{"line":43,"column":40},"end":{"line":43,"column":41}},"loc":{"start":{"line":43,"column":56},"end":{"line":45,"column":5}},"line":43},"6":{"name":"(anonymous_6)","decl":{"start":{"line":52,"column":53},"end":{"line":52,"column":54}},"loc":{"start":{"line":52,"column":61},"end":{"line":52,"column":75}},"line":52},"7":{"name":"(anonymous_7)","decl":{"start":{"line":54,"column":29},"end":{"line":54,"column":30}},"loc":{"start":{"line":54,"column":37},"end":{"line":70,"column":3}},"line":54},"8":{"name":"(anonymous_8)","decl":{"start":{"line":55,"column":28},"end":{"line":55,"column":29}},"loc":{"start":{"line":55,"column":33},"end":{"line":55,"column":44}},"line":55},"9":{"name":"(anonymous_9)","decl":{"start":{"line":58,"column":45},"end":{"line":58,"column":46}},"loc":{"start":{"line":58,"column":61},"end":{"line":60,"column":5}},"line":58},"10":{"name":"(anonymous_10)","decl":{"start":{"line":59,"column":25},"end":{"line":59,"column":26}},"loc":{"start":{"line":59,"column":33},"end":{"line":59,"column":69}},"line":59},"11":{"name":"(anonymous_11)","decl":{"start":{"line":61,"column":13},"end":{"line":61,"column":14}},"loc":{"start":{"line":61,"column":22},"end":{"line":69,"column":7}},"line":61},"12":{"name":"(anonymous_12)","decl":{"start":{"line":65,"column":19},"end":{"line":65,"column":20}},"loc":{"start":{"line":65,"column":25},"end":{"line":67,"column":9}},"line":65},"13":{"name":"(anonymous_13)","decl":{"start":{"line":68,"column":30},"end":{"line":68,"column":31}},"loc":{"start":{"line":68,"column":35},"end":{"line":68,"column":46}},"line":68},"14":{"name":"(anonymous_14)","decl":{"start":{"line":71,"column":22},"end":{"line":71,"column":23}},"loc":{"start":{"line":71,"column":39},"end":{"line":86,"column":3}},"line":71},"15":{"name":"(anonymous_15)","decl":{"start":{"line":82,"column":17},"end":{"line":82,"column":18}},"loc":{"start":{"line":82,"column":23},"end":{"line":84,"column":7}},"line":82},"16":{"name":"(anonymous_16)","decl":{"start":{"line":89,"column":20},"end":{"line":89,"column":21}},"loc":{"start":{"line":89,"column":26},"end":{"line":101,"column":3}},"line":89},"17":{"name":"(anonymous_17)","decl":{"start":{"line":95,"column":32},"end":{"line":95,"column":33}},"loc":{"start":{"line":95,"column":48},"end":{"line":95,"column":73}},"line":95},"18":{"name":"(anonymous_18)","decl":{"start":{"line":96,"column":32},"end":{"line":96,"column":33}},"loc":{"start":{"line":96,"column":48},"end":{"line":96,"column":73}},"line":96},"19":{"name":"(anonymous_19)","decl":{"start":{"line":103,"column":19},"end":{"line":103,"column":20}},"loc":{"start":{"line":103,"column":25},"end":{"line":109,"column":3}},"line":103},"20":{"name":"(anonymous_20)","decl":{"start":{"line":122,"column":25},"end":{"line":122,"column":26}},"loc":{"start":{"line":122,"column":31},"end":{"line":122,"column":51}},"line":122},"21":{"name":"(anonymous_21)","decl":{"start":{"line":127,"column":25},"end":{"line":127,"column":26}},"loc":{"start":{"line":128,"column":10},"end":{"line":128,"column":97}},"line":128},"22":{"name":"(anonymous_22)","decl":{"start":{"line":128,"column":60},"end":{"line":128,"column":61}},"loc":{"start":{"line":128,"column":66},"end":{"line":128,"column":93}},"line":128}},"branchMap":{"0":{"loc":{"start":{"line":30,"column":4},"end":{"line":34,"column":5}},"type":"if","locations":[{"start":{"line":30,"column":4},"end":{"line":34,"column":5}},{"start":{},"end":{}}],"line":30},"1":{"loc":{"start":{"line":37,"column":2},"end":{"line":39,"column":3}},"type":"if","locations":[{"start":{"line":37,"column":2},"end":{"line":39,"column":3}},{"start":{},"end":{}}],"line":37},"2":{"loc":{"start":{"line":52,"column":22},"end":{"line":52,"column":76}},"type":"cond-expr","locations":[{"start":{"line":52,"column":32},"end":{"line":52,"column":37}},{"start":{"line":52,"column":40},"end":{"line":52,"column":76}}],"line":52},"3":{"loc":{"start":{"line":59,"column":33},"end":{"line":59,"column":69}},"type":"cond-expr","locations":[{"start":{"line":59,"column":50},"end":{"line":59,"column":54}},{"start":{"line":59,"column":57},"end":{"line":59,"column":69}}],"line":59},"4":{"loc":{"start":{"line":115,"column":7},"end":{"line":115,"column":27}},"type":"binary-expr","locations":[{"start":{"line":115,"column":7},"end":{"line":115,"column":12}},{"start":{"line":115,"column":16},"end":{"line":115,"column":27}}],"line":115},"5":{"loc":{"start":{"line":116,"column":7},"end":{"line":119,"column":12}},"type":"binary-expr","locations":[{"start":{"line":116,"column":7},"end":{"line":116,"column":11}},{"start":{"line":116,"column":15},"end":{"line":119,"column":12}}],"line":116},"6":{"loc":{"start":{"line":123,"column":16},"end":{"line":123,"column":45}},"type":"cond-expr","locations":[{"start":{"line":123,"column":26},"end":{"line":123,"column":37}},{"start":{"line":123,"column":40},"end":{"line":123,"column":45}}],"line":123}},"s":{"0":0,"1":0,"2":0,"3":0,"4":0,"5":0,"6":0,"7":0,"8":0,"9":0,"10":0,"11":0,"12":0,"13":0,"14":0,"15":0,"16":0,"17":0,"18":0,"19":0,"20":0,"21":0,"22":0,"23":0,"24":0,"25":0,"26":0,"27":0,"28":0,"29":0,"30":0,"31":0,"32":0,"33":0,"34":0,"35":0,"36":0,"37":0,"38":0,"39":0,"40":0,"41":0,"42":0,"43":0,"44":0,"45":0,"46":0,"47":0,"48":0,"49":0,"50":0,"51":0,"52":0,"53":0,"54":0,"55":0,"56":0,"57":0,"58":0},"f":{"0":0,"1":0,"2":0,"3":0,"4":0,"5":0,"6":0,"7":0,"8":0,"9":0,"10":0,"11":0,"12":0,"13":0,"14":0,"15":0,"16":0,"17":0,"18":0,"19":0,"20":0,"21":0,"22":0},"b":{"0":[0,0],"1":[0,0],"2":[0,0],"3":[0,0],"4":[0,0],"5":[0,0],"6":[0,0]}}
,"/Users/natnaelmanyazewal/Dev/Fullstackopen/part5/notes-frontend/src/main.jsx": {"path":"/Users/natnaelmanyazewal/Dev/Fullstackopen/part5/notes-frontend/src/main.jsx","statementMap":{"0":{"start":{"line":4,"column":0},"end":{"line":4,"column":68}}},"fnMap":{},"branchMap":{},"s":{"0":0},"f":{},"b":{}}
,"/Users/natnaelmanyazewal/Dev/Fullstackopen/part5/notes-frontend/src/components/Footer.jsx": {"path":"/Users/natnaelmanyazewal/Dev/Fullstackopen/part5/notes-frontend/src/components/Footer.jsx","statementMap":{"0":{"start":{"line":1,"column":15},"end":{"line":14,"column":1}},"1":{"start":{"line":2,"column":22},"end":{"line":6,"column":3}},"2":{"start":{"line":8,"column":2},"end":{"line":13,"column":3}}},"fnMap":{"0":{"name":"(anonymous_0)","decl":{"start":{"line":1,"column":15},"end":{"line":1,"column":16}},"loc":{"start":{"line":1,"column":21},"end":{"line":14,"column":1}},"line":1}},"branchMap":{},"s":{"0":0,"1":0,"2":0},"f":{"0":0},"b":{}}
,"/Users/natnaelmanyazewal/Dev/Fullstackopen/part5/notes-frontend/src/components/LoginForm.jsx": {"path":"/Users/natnaelmanyazewal/Dev/Fullstackopen/part5/notes-frontend/src/components/LoginForm.jsx","statementMap":{"0":{"start":{"line":3,"column":18},"end":{"line":27,"column":1}},"1":{"start":{"line":4,"column":2},"end":{"line":26,"column":3}},"2":{"start":{"line":29,"column":0},"end":{"line":35,"column":1}}},"fnMap":{"0":{"name":"(anonymous_0)","decl":{"start":{"line":3,"column":18},"end":{"line":3,"column":19}},"loc":{"start":{"line":3,"column":104},"end":{"line":27,"column":1}},"line":3}},"branchMap":{},"s":{"0":0,"1":0,"2":0},"f":{"0":0},"b":{}}
,"/Users/natnaelmanyazewal/Dev/Fullstackopen/part5/notes-frontend/src/components/Note.jsx": {"path":"/Users/natnaelmanyazewal/Dev/Fullstackopen/part5/notes-frontend/src/components/Note.jsx","statementMap":{"0":{"start":{"line":1,"column":13},"end":{"line":10,"column":1}},"1":{"start":{"line":2,"column":16},"end":{"line":2,"column":72}},"2":{"start":{"line":4,"column":2},"end":{"line":9,"column":3}}},"fnMap":{"0":{"name":"(anonymous_0)","decl":{"start":{"line":1,"column":13},"end":{"line":1,"column":14}},"loc":{"start":{"line":1,"column":45},"end":{"line":10,"column":1}},"line":1}},"branchMap":{"0":{"loc":{"start":{"line":2,"column":16},"end":{"line":2,"column":72}},"type":"cond-expr","locations":[{"start":{"line":2,"column":33},"end":{"line":2,"column":53}},{"start":{"line":2,"column":56},"end":{"line":2,"column":72}}],"line":2}},"s":{"0":1,"1":2,"2":2},"f":{"0":2},"b":{"0":[2,0]},"_coverageSchema":"1a1c01bbd47fc00a2c39e90264f33305004495a9","hash":"214005d2741bf5f3e1af7126f7f82c1afed7f443"}
,"/Users/natnaelmanyazewal/Dev/Fullstackopen/part5/notes-frontend/src/components/NoteForm.jsx": {"path":"/Users/natnaelmanyazewal/Dev/Fullstackopen/part5/notes-frontend/src/components/NoteForm.jsx","statementMap":{"0":{"start":{"line":3,"column":17},"end":{"line":39,"column":1}},"1":{"start":{"line":4,"column":32},"end":{"line":4,"column":44}},"2":{"start":{"line":6,"column":23},"end":{"line":8,"column":3}},"3":{"start":{"line":7,"column":4},"end":{"line":7,"column":34}},"4":{"start":{"line":10,"column":18},"end":{"line":19,"column":3}},"5":{"start":{"line":11,"column":4},"end":{"line":11,"column":26}},"6":{"start":{"line":13,"column":4},"end":{"line":16,"column":6}},"7":{"start":{"line":18,"column":4},"end":{"line":18,"column":18}},"8":{"start":{"line":21,"column":2},"end":{"line":38,"column":3}}},"fnMap":{"0":{"name":"(anonymous_0)","decl":{"start":{"line":3,"column":17},"end":{"line":3,"column":18}},"loc":{"start":{"line":3,"column":37},"end":{"line":39,"column":1}},"line":3},"1":{"name":"(anonymous_1)","decl":{"start":{"line":6,"column":23},"end":{"line":6,"column":24}},"loc":{"start":{"line":6,"column":34},"end":{"line":8,"column":3}},"line":6},"2":{"name":"(anonymous_2)","decl":{"start":{"line":10,"column":18},"end":{"line":10,"column":19}},"loc":{"start":{"line":10,"column":29},"end":{"line":19,"column":3}},"line":10}},"branchMap":{},"s":{"0":1,"1":19,"2":19,"3":17,"4":19,"5":1,"6":1,"7":1,"8":19},"f":{"0":19,"1":17,"2":1},"b":{},"_coverageSchema":"1a1c01bbd47fc00a2c39e90264f33305004495a9","hash":"ec932ef9cc1cdcf5e0b19f784617fb74ced8615d"}
,"/Users/natnaelmanyazewal/Dev/Fullstackopen/part5/notes-frontend/src/components/Notification.jsx": {"path":"/Users/natnaelmanyazewal/Dev/Fullstackopen/part5/notes-frontend/src/components/Notification.jsx","statementMap":{"0":{"start":{"line":1,"column":21},"end":{"line":8,"column":1}},"1":{"start":{"line":2,"column":2},"end":{"line":4,"column":3}},"2":{"start":{"line":3,"column":4},"end":{"line":3,"column":15}},"3":{"start":{"line":5,"column":2},"end":{"line":7,"column":3}}},"fnMap":{"0":{"name":"(anonymous_0)","decl":{"start":{"line":1,"column":21},"end":{"line":1,"column":22}},"loc":{"start":{"line":1,"column":38},"end":{"line":8,"column":1}},"line":1}},"branchMap":{"0":{"loc":{"start":{"line":2,"column":2},"end":{"line":4,"column":3}},"type":"if","locations":[{"start":{"line":2,"column":2},"end":{"line":4,"column":3}},{"start":{},"end":{}}],"line":2}},"s":{"0":0,"1":0,"2":0,"3":0},"f":{"0":0},"b":{"0":[0,0]}}
,"/Users/natnaelmanyazewal/Dev/Fullstackopen/part5/notes-frontend/src/components/Togglable.jsx": {"path":"/Users/natnaelmanyazewal/Dev/Fullstackopen/part5/notes-frontend/src/components/Togglable.jsx","statementMap":{"0":{"start":{"line":4,"column":18},"end":{"line":31,"column":1}},"1":{"start":{"line":5,"column":32},"end":{"line":5,"column":47}},"2":{"start":{"line":7,"column":26},"end":{"line":7,"column":60}},"3":{"start":{"line":8,"column":26},"end":{"line":8,"column":60}},"4":{"start":{"line":10,"column":27},"end":{"line":10,"column":53}},"5":{"start":{"line":10,"column":33},"end":{"line":10,"column":53}},"6":{"start":{"line":12,"column":2},"end":{"line":16,"column":4}},"7":{"start":{"line":13,"column":4},"end":{"line":15,"column":5}},"8":{"start":{"line":18,"column":2},"end":{"line":29,"column":3}},"9":{"start":{"line":33,"column":0},"end":{"line":33,"column":35}},"10":{"start":{"line":35,"column":0},"end":{"line":37,"column":1}}},"fnMap":{"0":{"name":"(anonymous_0)","decl":{"start":{"line":4,"column":29},"end":{"line":4,"column":30}},"loc":{"start":{"line":4,"column":46},"end":{"line":30,"column":1}},"line":4},"1":{"name":"(anonymous_1)","decl":{"start":{"line":10,"column":27},"end":{"line":10,"column":28}},"loc":{"start":{"line":10,"column":33},"end":{"line":10,"column":53}},"line":10},"2":{"name":"(anonymous_2)","decl":{"start":{"line":12,"column":28},"end":{"line":12,"column":29}},"loc":{"start":{"line":12,"column":34},"end":{"line":16,"column":3}},"line":12}},"branchMap":{"0":{"loc":{"start":{"line":7,"column":37},"end":{"line":7,"column":58}},"type":"cond-expr","locations":[{"start":{"line":7,"column":47},"end":{"line":7,"column":53}},{"start":{"line":7,"column":56},"end":{"line":7,"column":58}}],"line":7},"1":{"loc":{"start":{"line":8,"column":37},"end":{"line":8,"column":58}},"type":"cond-expr","locations":[{"start":{"line":8,"column":47},"end":{"line":8,"column":49}},{"start":{"line":8,"column":52},"end":{"line":8,"column":58}}],"line":8}},"s":{"0":1,"1":4,"2":4,"3":4,"4":4,"5":1,"6":4,"7":0,"8":4,"9":1,"10":1},"f":{"0":4,"1":1,"2":0},"b":{"0":[1,3],"1":[1,3]},"_coverageSchema":"1a1c01bbd47fc00a2c39e90264f33305004495a9","hash":"256625e1cc1653e561c6f01c4fea95efab0de6e0"}
,"/Users/natnaelmanyazewal/Dev/Fullstackopen/part5/notes-frontend/src/services/login.js": {"path":"/Users/natnaelmanyazewal/Dev/Fullstackopen/part5/notes-frontend/src/services/login.js","statementMap":{"0":{"start":{"line":2,"column":16},"end":{"line":2,"column":28}},"1":{"start":{"line":4,"column":14},"end":{"line":7,"column":1}},"2":{"start":{"line":5,"column":19},"end":{"line":5,"column":57}},"3":{"start":{"line":6,"column":2},"end":{"line":6,"column":22}}},"fnMap":{"0":{"name":"(anonymous_0)","decl":{"start":{"line":4,"column":14},"end":{"line":4,"column":15}},"loc":{"start":{"line":4,"column":35},"end":{"line":7,"column":1}},"line":4}},"branchMap":{},"s":{"0":0,"1":0,"2":0,"3":0},"f":{"0":0},"b":{}}
,"/Users/natnaelmanyazewal/Dev/Fullstackopen/part5/notes-frontend/src/services/notes.js": {"path":"/Users/natnaelmanyazewal/Dev/Fullstackopen/part5/notes-frontend/src/services/notes.js","statementMap":{"0":{"start":{"line":2,"column":16},"end":{"line":2,"column":28}},"1":{"start":{"line":4,"column":12},"end":{"line":4,"column":16}},"2":{"start":{"line":6,"column":17},"end":{"line":8,"column":1}},"3":{"start":{"line":7,"column":2},"end":{"line":7,"column":30}},"4":{"start":{"line":10,"column":15},"end":{"line":18,"column":1}},"5":{"start":{"line":11,"column":18},"end":{"line":11,"column":36}},"6":{"start":{"line":12,"column":22},"end":{"line":16,"column":3}},"7":{"start":{"line":17,"column":2},"end":{"line":17,"column":68}},"8":{"start":{"line":17,"column":34},"end":{"line":17,"column":67}},"9":{"start":{"line":24,"column":15},"end":{"line":30,"column":1}},"10":{"start":{"line":25,"column":17},"end":{"line":27,"column":3}},"11":{"start":{"line":28,"column":19},"end":{"line":28,"column":63}},"12":{"start":{"line":29,"column":2},"end":{"line":29,"column":22}},"13":{"start":{"line":32,"column":15},"end":{"line":35,"column":1}},"14":{"start":{"line":33,"column":18},"end":{"line":33,"column":58}},"15":{"start":{"line":34,"column":2},"end":{"line":34,"column":48}},"16":{"start":{"line":34,"column":34},"end":{"line":34,"column":47}}},"fnMap":{"0":{"name":"(anonymous_0)","decl":{"start":{"line":6,"column":17},"end":{"line":6,"column":18}},"loc":{"start":{"line":6,"column":29},"end":{"line":8,"column":1}},"line":6},"1":{"name":"(anonymous_1)","decl":{"start":{"line":10,"column":15},"end":{"line":10,"column":16}},"loc":{"start":{"line":10,"column":21},"end":{"line":18,"column":1}},"line":10},"2":{"name":"(anonymous_2)","decl":{"start":{"line":17,"column":22},"end":{"line":17,"column":23}},"loc":{"start":{"line":17,"column":34},"end":{"line":17,"column":67}},"line":17},"3":{"name":"(anonymous_3)","decl":{"start":{"line":24,"column":15},"end":{"line":24,"column":16}},"loc":{"start":{"line":24,"column":34},"end":{"line":30,"column":1}},"line":24},"4":{"name":"(anonymous_4)","decl":{"start":{"line":32,"column":15},"end":{"line":32,"column":16}},"loc":{"start":{"line":32,"column":34},"end":{"line":35,"column":1}},"line":32},"5":{"name":"(anonymous_5)","decl":{"start":{"line":34,"column":22},"end":{"line":34,"column":23}},"loc":{"start":{"line":34,"column":34},"end":{"line":34,"column":47}},"line":34}},"branchMap":{},"s":{"0":0,"1":0,"2":0,"3":0,"4":0,"5":0,"6":0,"7":0,"8":0,"9":0,"10":0,"11":0,"12":0,"13":0,"14":0,"15":0,"16":0},"f":{"0":0,"1":0,"2":0,"3":0,"4":0,"5":0},"b":{}}
}
